<?xml version="1.0" encoding="UTF-8"?>
<!-- Generated by org.testng.reporters.JUnitXMLReporter -->
<testsuite ignored="0" hostname="Gs-MacBook-Pro.domain.name" failures="1" tests="1" name="Test" time="0.084" errors="0" timestamp="2022-01-22T13:43:36 IST">
  <testcase classname="com.ohrm.testcases.TestCase01" name="testcase01" time="0.027">
    <failure type="java.lang.NullPointerException">
      <![CDATA[java.lang.NullPointerException
at com.ohrm.login.BasePage.LaunchBrowser(BasePage.java:20)
at com.ohrm.testcases.TestCase01.testcase01(TestCase01.java:11)
at java.base/java.util.ArrayList.forEach(ArrayList.java:1541)
... Removed 27 stack frames]]>
    </failure>
  </testcase> <!-- testcase01 -->
</testsuite> <!-- Test -->
